<?xml version="1.0" encoding="UTF-8"?>
<!-- Generated by org.testng.reporters.JUnitXMLReporter -->
<testsuite ignored="0" hostname="DESKTOP-N1C2Q7J" failures="1" tests="18" name="Test" time="128.886" errors="0" timestamp="2025-12-03T14:21:21 IST">
  <testcase classname="tests.OrderPageTest" name="placeOrderWithEmptyForm" time="4.967"/>
  <testcase classname="tests.OrderPageTest" name="placeOrderWithValidDetails" time="5.299"/>
  <testcase classname="tests.OrderPageTest" name="placeOrderWithValidDetails" time="5.004"/>
  <testcase classname="tests.AddProductTest" name="verifyAddProductToCart" time="6.783"/>
  <testcase classname="tests.HomePageNavigationTest" name="verifyCartNavigation" time="2.275"/>
  <testcase classname="tests.HomePageNavigationTest" name="verifyCategoryNavigation" time="7.817"/>
  <testcase classname="tests.UiUxTest" name="verifyContactAndAboutLinks" time="0.097"/>
  <testcase classname="tests.AddProductTest" name="verifyDeleteProduct" time="27.316">
    <failure type="org.openqa.selenium.NoSuchElementException" message="Unable to find element with locator By.xpath: //a[@onclick=&amp;apos;showcart()&amp;apos;]
For documentation on this error, please visit: https://www.selenium.dev/documentation/webdriver/troubleshooting/errors#nosuchelementexception
Build info: version: &amp;apos;4.36.0&amp;apos;, revision: &amp;apos;6d115cfd87&amp;apos;
System info: os.name: &amp;apos;Windows 11&amp;apos;, os.arch: &amp;apos;amd64&amp;apos;, os.version: &amp;apos;10.0&amp;apos;, java.version: &amp;apos;21.0.8&amp;apos;
Driver info: driver.version: RemoteWebDriver">
      <![CDATA[org.openqa.selenium.NoSuchElementException: Unable to find element with locator By.xpath: //a[@onclick='showcart()']
For documentation on this error, please visit: https://www.selenium.dev/documentation/webdriver/troubleshooting/errors#nosuchelementexception
Build info: version: '4.36.0', revision: '6d115cfd87'
System info: os.name: 'Windows 11', os.arch: 'amd64', os.version: '10.0', java.version: '21.0.8'
Driver info: driver.version: RemoteWebDriver
at org.openqa.selenium.remote.ElementLocation$ElementFinder$2.findElement(ElementLocation.java:168)
at org.openqa.selenium.remote.ElementLocation.findElement(ElementLocation.java:59)
at org.openqa.selenium.remote.RemoteWebDriver.findElement(RemoteWebDriver.java:380)
at org.openqa.selenium.remote.RemoteWebDriver.findElement(RemoteWebDriver.java:374)
at pages.AddProductPage.openCartAgain(AddProductPage.java:156)
at tests.AddProductTest.verifyDeleteProduct(AddProductTest.java:96)
at java.base/java.util.ArrayList.forEach(ArrayList.java:1596)
at java.base/java.util.concurrent.FutureTask.run(FutureTask.java:317)
at java.base/java.util.concurrent.ThreadPoolExecutor.runWorker(ThreadPoolExecutor.java:1144)
at java.base/java.util.concurrent.ThreadPoolExecutor$Worker.run(ThreadPoolExecutor.java:642)
at java.base/java.lang.Thread.run(Thread.java:1583)
... Removed 15 stack frames]]>
    </failure>
  </testcase> <!-- verifyDeleteProduct -->
  <testcase classname="tests.UiUxTest" name="verifyFooterPresence" time="0.05"/>
  <testcase classname="tests.LogoutTest" name="verifyLogOutFunctionality" time="2.569"/>
  <testcase classname="tests.UiUxTest" name="verifyLogoAndNavbarPresence" time="0.055"/>
  <testcase classname="tests.HomePageNavigationTest" name="verifyPageNavigationButtons" time="1.407"/>
  <testcase classname="tests.AddProductTest" name="verifyaddmultipleproducts" time="20.833"/>
  <testcase classname="tests.LoginPageTest" name="verifyLoginWithValidInputs" time="2.331"/>
  <testcase classname="tests.LoginPageTest" name="invalidlogintest" time="1.512"/>
  <testcase classname="tests.LoginPageTest" name="emptyfieldLoginTest" time="0.524"/>
  <testcase classname="tests.LoginPageTest" name="invalidEmailformatTest" time="1.536"/>
  <testcase classname="tests.LoginPageTest" name="passwordMaskTest" time="0.442"/>
</testsuite> <!-- Test -->
