<html>
<head>
<title>TestNG:  Test</title>
<link href="../testng.css" rel="stylesheet" type="text/css" />
<link href="../my-testng.css" rel="stylesheet" type="text/css" />

<style type="text/css">
.log { display: none;} 
.stack-trace { display: none;} 
</style>
<script type="text/javascript">
<!--
function flip(e) {
  current = e.style.display;
  if (current == 'block') {
    e.style.display = 'none';
    return 0;
  }
  else {
    e.style.display = 'block';
    return 1;
  }
}

function toggleBox(szDivId, elem, msg1, msg2)
{
  var res = -1;  if (document.getElementById) {
    res = flip(document.getElementById(szDivId));
  }
  else if (document.all) {
    // this is the way old msie versions work
    res = flip(document.all[szDivId]);
  }
  if(elem) {
    if(res == 0) elem.innerHTML = msg1; else elem.innerHTML = msg2;
  }

}

function toggleAllBoxes() {
  if (document.getElementsByTagName) {
    d = document.getElementsByTagName('div');
    for (i = 0; i < d.length; i++) {
      if (d[i].className == 'log') {
        flip(d[i]);
      }
    }
  }
}

// -->
</script>

</head>
<body>
<h2 align='center'>Test</h2><table border='1' align="center">
<tr>
<td>Tests passed/Failed/Skipped:</td><td>17/1/0</td>
</tr><tr>
<td>Started on:</td><td>Wed Dec 03 14:19:12 IST 2025</td>
</tr>
<tr><td>Total time:</td><td>128 seconds (128886 ms)</td>
</tr><tr>
<td>Included groups:</td><td></td>
</tr><tr>
<td>Excluded groups:</td><td></td>
</tr>
</table><p/>
<small><i>(Hover the method name to see the test class name)</i></small><p/>
<table width='100%' border='1' class='invocation-failed'>
<tr><td colspan='4' align='center'><b>FAILED TESTS</b></td></tr>
<tr><td><b>Test method</b></td>
<td><b>Attribute(s)</b></td>
<td width="30%"><b>Exception</b></td>
<td width="10%"><b>Time (seconds)</b></td>
<td><b>Instance</b></td>
</tr>
<tr>
<td title='tests.AddProductTest.verifyDeleteProduct()'><b>verifyDeleteProduct</b><br>Test class: tests.AddProductTest</td>
<td><div><pre>org.openqa.selenium.NoSuchElementException: Unable to find element with locator By.xpath: //a[@onclick=&apos;showcart()&apos;]
For documentation on this error, please visit: https://www.selenium.dev/documentation/webdriver/troubleshooting/errors#nosuchelementexception
Build info: version: &apos;4.36.0&apos;, revision: &apos;6d115cfd87&apos;
System info: os.name: &apos;Windows 11&apos;, os.arch: &apos;amd64&apos;, os.version: &apos;10.0&apos;, java.version: &apos;21.0.8&apos;
Driver info: driver.version: RemoteWebDriver
	at org.openqa.selenium.remote.ElementLocation$ElementFinder$2.findElement(ElementLocation.java:168)
	at org.openqa.selenium.remote.ElementLocation.findElement(ElementLocation.java:59)
	at org.openqa.selenium.remote.RemoteWebDriver.findElement(RemoteWebDriver.java:380)
	at org.openqa.selenium.remote.RemoteWebDriver.findElement(RemoteWebDriver.java:374)
	at pages.AddProductPage.openCartAgain(AddProductPage.java:156)
	at tests.AddProductTest.verifyDeleteProduct(AddProductTest.java:96)
	at java.base/java.util.ArrayList.forEach(ArrayList.java:1596)
	at java.base/java.util.concurrent.FutureTask.run(FutureTask.java:317)
	at java.base/java.util.concurrent.ThreadPoolExecutor.runWorker(ThreadPoolExecutor.java:1144)
	at java.base/java.util.concurrent.ThreadPoolExecutor$Worker.run(ThreadPoolExecutor.java:642)
	at java.base/java.lang.Thread.run(Thread.java:1583)
... Removed 15 stack frames</pre></div><a href='#' onClick='toggleBox("stack-trace1149732295", this, "Click to show all stack frames", "Click to hide stack frames")'>Click to show all stack frames</a>
<div class='stack-trace' id='stack-trace1149732295'><pre>org.openqa.selenium.NoSuchElementException: Unable to find element with locator By.xpath: //a[@onclick=&apos;showcart()&apos;]
For documentation on this error, please visit: https://www.selenium.dev/documentation/webdriver/troubleshooting/errors#nosuchelementexception
Build info: version: &apos;4.36.0&apos;, revision: &apos;6d115cfd87&apos;
System info: os.name: &apos;Windows 11&apos;, os.arch: &apos;amd64&apos;, os.version: &apos;10.0&apos;, java.version: &apos;21.0.8&apos;
Driver info: driver.version: RemoteWebDriver
	at org.openqa.selenium.remote.ElementLocation$ElementFinder$2.findElement(ElementLocation.java:168)
	at org.openqa.selenium.remote.ElementLocation.findElement(ElementLocation.java:59)
	at org.openqa.selenium.remote.RemoteWebDriver.findElement(RemoteWebDriver.java:380)
	at org.openqa.selenium.remote.RemoteWebDriver.findElement(RemoteWebDriver.java:374)
	at pages.AddProductPage.openCartAgain(AddProductPage.java:156)
	at tests.AddProductTest.verifyDeleteProduct(AddProductTest.java:96)
	at java.base/jdk.internal.reflect.DirectMethodHandleAccessor.invoke(DirectMethodHandleAccessor.java:103)
	at java.base/java.lang.reflect.Method.invoke(Method.java:580)
	at org.testng.internal.invokers.MethodInvocationHelper.invokeMethod(MethodInvocationHelper.java:141)
	at org.testng.internal.invokers.TestInvoker.invokeMethod(TestInvoker.java:687)
	at org.testng.internal.invokers.TestInvoker.invokeTestMethod(TestInvoker.java:230)
	at org.testng.internal.invokers.MethodRunner.runInSequence(MethodRunner.java:63)
	at org.testng.internal.invokers.TestInvoker$MethodInvocationAgent.invoke(TestInvoker.java:995)
	at org.testng.internal.invokers.TestInvoker.invokeTestMethods(TestInvoker.java:203)
	at org.testng.internal.invokers.TestMethodWorker.invokeTestMethods(TestMethodWorker.java:154)
	at org.testng.internal.invokers.TestMethodWorker.run(TestMethodWorker.java:134)
	at java.base/java.util.ArrayList.forEach(ArrayList.java:1596)
	at org.testng.TestRunner.privateRun(TestRunner.java:741)
	at org.testng.TestRunner.run(TestRunner.java:616)
	at org.testng.SuiteRunner.runTest(SuiteRunner.java:421)
	at org.testng.SuiteRunner$SuiteWorker.run(SuiteRunner.java:463)
	at org.testng.internal.thread.ThreadUtil.lambda$execute$0(ThreadUtil.java:64)
	at java.base/java.util.concurrent.FutureTask.run(FutureTask.java:317)
	at java.base/java.util.concurrent.ThreadPoolExecutor.runWorker(ThreadPoolExecutor.java:1144)
	at java.base/java.util.concurrent.ThreadPoolExecutor$Worker.run(ThreadPoolExecutor.java:642)
	at java.base/java.lang.Thread.run(Thread.java:1583)
</pre></div></td>
<td>27</td>
<td>tests.AddProductTest@7c9d8e2</td></tr>
</table><p>
<table width='100%' border='1' class='invocation-passed'>
<tr><td colspan='4' align='center'><b>PASSED TESTS</b></td></tr>
<tr><td><b>Test method</b></td>
<td><b>Attribute(s)</b></td>
<td width="30%"><b>Exception</b></td>
<td width="10%"><b>Time (seconds)</b></td>
<td><b>Instance</b></td>
</tr>
<tr>
<td title='tests.UiUxTest.verifyFooterPresence()'><b>verifyFooterPresence</b><br>Test class: tests.UiUxTest</td>
<td></td>
<td>0</td>
<td>tests.UiUxTest@7ee8290b</td></tr>
<tr>
<td title='tests.HomePageNavigationTest.verifyCategoryNavigation()'><b>verifyCategoryNavigation</b><br>Test class: tests.HomePageNavigationTest</td>
<td></td>
<td>7</td>
<td>tests.HomePageNavigationTest@20d525</td></tr>
<tr>
<td title='tests.OrderPageTest.placeOrderWithEmptyForm()'><b>placeOrderWithEmptyForm</b><br>Test class: tests.OrderPageTest</td>
<td></td>
<td>4</td>
<td>tests.OrderPageTest@2002fc1d</td></tr>
<tr>
<td title='tests.LoginPageTest.invalidlogintest()'><b>invalidlogintest</b><br>Test class: tests.LoginPageTest</td>
<td></td>
<td>1</td>
<td>tests.LoginPageTest@3b0090a4</td></tr>
<tr>
<td title='tests.AddProductTest.verifyaddmultipleproducts()'><b>verifyaddmultipleproducts</b><br>Test class: tests.AddProductTest</td>
<td></td>
<td>20</td>
<td>tests.AddProductTest@7c9d8e2</td></tr>
<tr>
<td title='tests.OrderPageTest.placeOrderWithValidDetails()'><b>placeOrderWithValidDetails</b><br>Test class: tests.OrderPageTest<br>Parameters: John, USA, New York, 1.23456789E8, May, 2026.0</td>
<td></td>
<td>5</td>
<td>tests.OrderPageTest@2002fc1d</td></tr>
<tr>
<td title='tests.LoginPageTest.passwordMaskTest()'><b>passwordMaskTest</b><br>Test class: tests.LoginPageTest</td>
<td></td>
<td>0</td>
<td>tests.LoginPageTest@3b0090a4</td></tr>
<tr>
<td title='tests.UiUxTest.verifyLogoAndNavbarPresence()'><b>verifyLogoAndNavbarPresence</b><br>Test class: tests.UiUxTest</td>
<td></td>
<td>0</td>
<td>tests.UiUxTest@7ee8290b</td></tr>
<tr>
<td title='tests.LoginPageTest.verifyLoginWithValidInputs()'><b>verifyLoginWithValidInputs</b><br>Test class: tests.LoginPageTest</td>
<td></td>
<td>2</td>
<td>tests.LoginPageTest@3b0090a4</td></tr>
<tr>
<td title='tests.AddProductTest.verifyAddProductToCart()'><b>verifyAddProductToCart</b><br>Test class: tests.AddProductTest</td>
<td></td>
<td>6</td>
<td>tests.AddProductTest@7c9d8e2</td></tr>
<tr>
<td title='tests.LogoutTest.verifyLogOutFunctionality()'><b>verifyLogOutFunctionality</b><br>Test class: tests.LogoutTest</td>
<td></td>
<td>2</td>
<td>tests.LogoutTest@6200f9cb</td></tr>
<tr>
<td title='tests.LoginPageTest.invalidEmailformatTest()'><b>invalidEmailformatTest</b><br>Test class: tests.LoginPageTest</td>
<td></td>
<td>1</td>
<td>tests.LoginPageTest@3b0090a4</td></tr>
<tr>
<td title='tests.UiUxTest.verifyContactAndAboutLinks()'><b>verifyContactAndAboutLinks</b><br>Test class: tests.UiUxTest</td>
<td></td>
<td>0</td>
<td>tests.UiUxTest@7ee8290b</td></tr>
<tr>
<td title='tests.OrderPageTest.placeOrderWithValidDetails()'><b>placeOrderWithValidDetails</b><br>Test class: tests.OrderPageTest<br>Parameters: Reena, INDIA, Chennai, 9.87654321E8, Apr, 2027.0</td>
<td></td>
<td>5</td>
<td>tests.OrderPageTest@2002fc1d</td></tr>
<tr>
<td title='tests.HomePageNavigationTest.verifyCartNavigation()'><b>verifyCartNavigation</b><br>Test class: tests.HomePageNavigationTest</td>
<td></td>
<td>2</td>
<td>tests.HomePageNavigationTest@20d525</td></tr>
<tr>
<td title='tests.LoginPageTest.emptyfieldLoginTest()'><b>emptyfieldLoginTest</b><br>Test class: tests.LoginPageTest</td>
<td></td>
<td>0</td>
<td>tests.LoginPageTest@3b0090a4</td></tr>
<tr>
<td title='tests.HomePageNavigationTest.verifyPageNavigationButtons()'><b>verifyPageNavigationButtons</b><br>Test class: tests.HomePageNavigationTest</td>
<td></td>
<td>1</td>
<td>tests.HomePageNavigationTest@20d525</td></tr>
</table><p>
</body>
</html>