<?xml version="1.0" encoding="UTF-8"?>
<!-- Generated by org.testng.reporters.JUnitReportReporter -->
<testsuite hostname="DESKTOP-N1C2Q7J" failures="0" tests="3" name="tests.UiUxTest" time="5.774" errors="0" timestamp="2025-12-03T14:21:21 IST" skipped="0">
  <testcase classname="tests.UiUxTest" name="verifyFooterPresence" time="1.782"/>
  <testcase classname="tests.UiUxTest" name="verifyLogoAndNavbarPresence" time="2.037"/>
  <testcase classname="tests.UiUxTest" name="verifyContactAndAboutLinks" time="1.955"/>
</testsuite> <!-- tests.UiUxTest -->
