<?xml version="1.0" encoding="UTF-8"?>
<!-- Generated by org.testng.reporters.JUnitReportReporter -->
<testsuite hostname="DESKTOP-N1C2Q7J" failures="0" tests="3" name="tests.HomePageNavigationTest" time="17.003" errors="0" timestamp="2025-12-03T14:21:21 IST" skipped="0">
  <testcase classname="tests.HomePageNavigationTest" name="verifyCategoryNavigation" time="9.687"/>
  <testcase classname="tests.HomePageNavigationTest" name="verifyCartNavigation" time="4.140"/>
  <testcase classname="tests.HomePageNavigationTest" name="verifyPageNavigationButtons" time="3.176"/>
</testsuite> <!-- tests.HomePageNavigationTest -->
