<?xml version="1.0" encoding="UTF-8"?>
<!-- Generated by org.testng.reporters.JUnitReportReporter -->
<testsuite hostname="DESKTOP-N1C2Q7J" failures="0" tests="5" name="tests.LoginPageTest" time="15.855" errors="0" timestamp="2025-12-03T14:21:21 IST" skipped="0">
  <testcase classname="tests.LoginPageTest" name="verifyLoginWithValidInputs" time="4.211"/>
  <testcase classname="tests.LoginPageTest" name="invalidlogintest" time="3.505"/>
  <testcase classname="tests.LoginPageTest" name="emptyfieldLoginTest" time="2.504"/>
  <testcase classname="tests.LoginPageTest" name="invalidEmailformatTest" time="3.196"/>
  <testcase classname="tests.LoginPageTest" name="passwordMaskTest" time="2.439"/>
</testsuite> <!-- tests.LoginPageTest -->
