<?xml version="1.0" encoding="UTF-8"?>
<!-- Generated by org.testng.reporters.JUnitReportReporter -->
<testsuite hostname="DESKTOP-N1C2Q7J" failures="0" tests="3" name="tests.OrderPageTest" time="24.288" errors="0" timestamp="2025-12-03T14:21:21 IST" skipped="0">
  <testcase classname="tests.OrderPageTest" name="placeOrderWithValidDetails" time="7.129"/>
  <testcase classname="tests.OrderPageTest" name="placeOrderWithEmptyForm" time="7.264"/>
  <testcase classname="tests.OrderPageTest" name="placeOrderWithValidDetails" time="9.895"/>
</testsuite> <!-- tests.OrderPageTest -->
